<?xml version="1.0" encoding="UTF-8"?>
<testsuite name="com.game.snakesAndLadder.UserAcceptanceTests" tests="1" skipped="0" failures="0" errors="0" timestamp="2021-09-13T10:47:48" hostname="PARAGs-MacBook-Pro.local" time="0.822">
  <properties/>
  <testcase name="playerShouldMoveFromInitialPositionToNextByTheNumberOnTheDice()" classname="com.game.snakesAndLadder.UserAcceptanceTests" time="0.822"/>
  <system-out><![CDATA[]]></system-out>
  <system-err><![CDATA[]]></system-err>
</testsuite>
